{
  "stats": {
    "suites": 1,
    "tests": 1,
    "passes": 1,
    "pending": 0,
    "failures": 0,
    "start": "2023-03-07T20:04:18.052Z",
    "end": "2023-03-07T20:04:27.545Z",
    "duration": 9493,
    "testsRegistered": 1,
    "passPercent": 100,
    "pendingPercent": 0,
    "other": 0,
    "hasOther": false,
    "skipped": 0,
    "hasSkipped": false
  },
  "results": [
    {
      "uuid": "497a00e3-4958-4e86-a996-94788e4596a8",
      "title": "",
      "fullFile": "cypress\\e2e\\Demo\\Login.cy.js",
      "file": "cypress\\e2e\\Demo\\Login.cy.js",
      "beforeHooks": [],
      "afterHooks": [],
      "tests": [],
      "suites": [
        {
          "uuid": "7587c103-ac07-4fdb-8981-c833b556aca9",
          "title": "Login",
          "fullFile": "",
          "file": "",
          "beforeHooks": [],
          "afterHooks": [],
          "tests": [
            {
              "title": "Login in HRM and enter username and Password",
              "fullTitle": "Login Login in HRM and enter username and Password",
              "timedOut": null,
              "duration": 6612,
              "state": "passed",
              "speed": "medium",
              "pass": true,
              "fail": false,
              "pending": false,
              "context": null,
              "code": "cy.fixture('elements').then(data => {\n  cy.Login(data);\n});",
              "err": {},
              "uuid": "30cba0ee-77cc-4e25-8721-5c65217d6d1a",
              "parentUUID": "7587c103-ac07-4fdb-8981-c833b556aca9",
              "isHook": false,
              "skipped": false
            }
          ],
          "suites": [],
          "passes": [
            "30cba0ee-77cc-4e25-8721-5c65217d6d1a"
          ],
          "failures": [],
          "pending": [],
          "skipped": [],
          "duration": 6612,
          "root": false,
          "rootEmpty": false,
          "_timeout": 2000
        }
      ],
      "passes": [],
      "failures": [],
      "pending": [],
      "skipped": [],
      "duration": 0,
      "root": true,
      "rootEmpty": true,
      "_timeout": 2000
    }
  ],
  "meta": {
    "mocha": {
      "version": "7.0.1"
    },
    "mochawesome": {
      "options": {
        "quiet": false,
        "reportFilename": "mochawesome",
        "saveHtml": false,
        "saveJson": true,
        "consoleReporter": "spec",
        "useInlineDiffs": false,
        "code": true
      },
      "version": "7.1.3"
    },
    "marge": {
      "options": {
        "overwrite": false,
        "html": false,
        "json": true,
        "reportDir": "cypress\\reports\\html\\.jsons"
      },
      "version": "6.2.0"
    }
  }
}